[2026-02-02 02:46:50] PID 149498: 🔄 running (initial)
[2026-02-02 02:47:03] PID 149498: ⏳ waiting
[2026-02-02 02:47:03] 2時47分3秒、タスクを終了したのだ。処理時間は、13秒だったのだ。
[2026-02-02 02:47:13] Command output: 使用するスタイル: ずんだもん - ノーマル (ID: 3)
テキストを2文に分割しました
[1/2] 合成中: 2時47分3秒、タスクを終了したのだ。...
[1/2] 合成完了: 0.59秒 → 音声4.18秒
[2/2] 合成中: 処理時間は、13秒だったのだ。...
[2/2] 合成完了: 0.58秒 → 音声3.05秒
[2026-02-02 02:47:18] PID 149498: 🔄 running
[2026-02-02 02:47:18] 2時47分18秒、タスクを開始したのだ
[2026-02-02 02:47:23] Command output: 使用するスタイル: ずんだもん - ノーマル (ID: 3)
合成中: 2時47分18秒、タスクを開始したのだ
音声を再生中...
[2026-02-02 02:49:19] PID 149498: ⏳ waiting
[2026-02-02 02:49:19] 2時49分19秒、タスクを終了したのだ。処理時間は、2分1秒だったのだ。
[2026-02-02 02:49:29] Command output: 使用するスタイル: ずんだもん - ノーマル (ID: 3)
テキストを2文に分割しました
[1/2] 合成中: 2時49分19秒、タスクを終了したのだ。...
[1/2] 合成完了: 0.84秒 → 音声4.50秒
[2/2] 合成中: 処理時間は、2分1秒だったのだ。...
[2/2] 合成完了: 0.63秒 → 音声3.20秒
[2026-02-02 02:49:38] PID 149498: 🔄 running
[2026-02-02 02:49:38] 2時49分38秒、タスクを開始したのだ
[2026-02-02 02:49:44] Command output: 使用するスタイル: ずんだもん - ノーマル (ID: 3)
合成中: 2時49分38秒、タスクを開始したのだ
音声を再生中...
[2026-02-02 02:49:59] PID 149498: ⏳ waiting
[2026-02-02 02:49:59] 2時49分59秒、タスクを終了したのだ。処理時間は、20秒だったのだ。
[2026-02-02 02:50:08] Command output: 使用するスタイル: ずんだもん - ノーマル (ID: 3)
テキストを2文に分割しました
[1/2] 合成中: 2時49分59秒、タスクを終了したのだ。...
[1/2] 合成完了: 0.60秒 → 音声4.68秒
[2/2] 合成中: 処理時間は、20秒だったのだ。...
[2/2] 合成完了: 0.38秒 → 音声2.90秒
[2026-02-02 02:50:15] PID 149498: 🔄 running
[2026-02-02 02:50:15] 2時50分15秒、タスクを開始したのだ
[2026-02-02 02:50:20] Command output: 使用するスタイル: ずんだもん - ノーマル (ID: 3)
合成中: 2時50分15秒、タスクを開始したのだ
音声を再生中...
[2026-02-02 02:50:43] PID 149498: ⏳ waiting
[2026-02-02 02:50:43] 2時50分43秒、タスクを終了したのだ。処理時間は、27秒だったのだ。
[2026-02-02 02:50:52] Command output: 使用するスタイル: ずんだもん - ノーマル (ID: 3)
テキストを2文に分割しました
[1/2] 合成中: 2時50分43秒、タスクを終了したのだ。...
[1/2] 合成完了: 0.74秒 → 音声4.31秒
[2/2] 合成中: 処理時間は、27秒だったのだ。...
[2/2] 合成完了: 0.43秒 → 音声3.15秒
[2026-02-02 02:52:20] PID 149498: 🔄 running
[2026-02-02 02:52:20] 2時52分20秒、タスクを開始したのだ
[2026-02-02 02:52:25] Command output: 使用するスタイル: ずんだもん - ノーマル (ID: 3)
合成中: 2時52分20秒、タスクを開始したのだ
音声を再生中...
[2026-02-02 02:52:41] PID 149498: ⏳ waiting
[2026-02-02 02:52:41] 2時52分41秒、タスクを終了したのだ。処理時間は、21秒だったのだ。
[2026-02-02 02:52:51] Command output: 使用するスタイル: ずんだもん - ノーマル (ID: 3)
テキストを2文に分割しました
[1/2] 合成中: 2時52分41秒、タスクを終了したのだ。...
[1/2] 合成完了: 0.58秒 → 音声4.50秒
[2/2] 合成中: 処理時間は、21秒だったのだ。...
[2/2] 合成完了: 0.40秒 → 音声3.18秒
[2026-02-02 02:53:16] PID 149498: 🔄 running
[2026-02-02 02:53:16] 2時53分16秒、タスクを開始したのだ
[2026-02-02 02:53:21] Command output: 使用するスタイル: ずんだもん - ノーマル (ID: 3)
合成中: 2時53分16秒、タスクを開始したのだ
音声を再生中...
[2026-02-02 02:53:32] PID 149498: ⏳ waiting
[2026-02-02 02:53:32] 2時53分32秒、タスクを終了したのだ。処理時間は、16秒だったのだ。
